This is pdfTeX, Version 3.141592653-2.6-1.40.27 (TeX Live 2025) (preloaded format=pdflatex 2025.9.18)  7 DEC 2025 12:48
entering extended mode
 restricted \write18 enabled.
 file:line:error style messages enabled.
 %&-line parsing enabled.
**/Users/wuyun/Documents/Project/bridge-manuscript/2025.11/2025.11.25/snarkifying_mithril.tex
(/Users/wuyun/Documents/Project/bridge-manuscript/2025.11/2025.11.25/snarkifying_mithril.tex
LaTeX2e <2024-11-01> patch level 2
L3 programming layer <2025-01-18>
(/usr/local/texlive/2025/texmf-dist/tex/latex/base/article.cls
Document Class: article 2024/06/29 v1.4n Standard LaTeX document class
(/usr/local/texlive/2025/texmf-dist/tex/latex/base/size10.clo
File: size10.clo 2024/06/29 v1.4n Standard LaTeX file (size option)
)
\c@part=\count196
\c@section=\count197
\c@subsection=\count198
\c@subsubsection=\count199
\c@paragraph=\count266
\c@subparagraph=\count267
\c@figure=\count268
\c@table=\count269
\abovecaptionskip=\skip49
\belowcaptionskip=\skip50
\bibindent=\dimen141
) (/usr/local/texlive/2025/texmf-dist/tex/latex/graphics/graphicx.sty
Package: graphicx 2021/09/16 v1.2d Enhanced LaTeX Graphics (DPC,SPQR)
 (/usr/local/texlive/2025/texmf-dist/tex/latex/graphics/keyval.sty
Package: keyval 2022/05/29 v1.15 key=value parser (DPC)
\KV@toks@=\toks17
) (/usr/local/texlive/2025/texmf-dist/tex/latex/graphics/graphics.sty
Package: graphics 2024/08/06 v1.4g Standard LaTeX Graphics (DPC,SPQR)
 (/usr/local/texlive/2025/texmf-dist/tex/latex/graphics/trig.sty
Package: trig 2023/12/02 v1.11 sin cos tan (DPC)
) (/usr/local/texlive/2025/texmf-dist/tex/latex/graphics-cfg/graphics.cfg
File: graphics.cfg 2016/06/04 v1.11 sample graphics configuration
)
Package graphics Info: Driver file: pdftex.def on input line 106.
 (/usr/local/texlive/2025/texmf-dist/tex/latex/graphics-def/pdftex.def
File: pdftex.def 2024/04/13 v1.2c Graphics/color driver for pdftex
))
\Gin@req@height=\dimen142
\Gin@req@width=\dimen143
) (/usr/local/texlive/2025/texmf-dist/tex/latex/pgf/frontendlayer/tikz.sty (/usr/local/texlive/2025/texmf-dist/tex/latex/pgf/basiclayer/pgf.sty (/usr/local/texlive/2025/texmf-dist/tex/latex/pgf/utilities/pgfrcs.sty (/usr/local/texlive/2025/texmf-dist/tex/generic/pgf/utilities/pgfutil-common.tex
\pgfutil@everybye=\toks18
\pgfutil@tempdima=\dimen144
\pgfutil@tempdimb=\dimen145
) (/usr/local/texlive/2025/texmf-dist/tex/generic/pgf/utilities/pgfutil-latex.def
\pgfutil@abb=\box52
) (/usr/local/texlive/2025/texmf-dist/tex/generic/pgf/utilities/pgfrcs.code.tex (/usr/local/texlive/2025/texmf-dist/tex/generic/pgf/pgf.revision.tex)
Package: pgfrcs 2023-01-15 v3.1.10 (3.1.10)
))
Package: pgf 2023-01-15 v3.1.10 (3.1.10)
 (/usr/local/texlive/2025/texmf-dist/tex/latex/pgf/basiclayer/pgfcore.sty (/usr/local/texlive/2025/texmf-dist/tex/latex/pgf/systemlayer/pgfsys.sty (/usr/local/texlive/2025/texmf-dist/tex/generic/pgf/systemlayer/pgfsys.code.tex
Package: pgfsys 2023-01-15 v3.1.10 (3.1.10)
 (/usr/local/texlive/2025/texmf-dist/tex/generic/pgf/utilities/pgfkeys.code.tex
\pgfkeys@pathtoks=\toks19
\pgfkeys@temptoks=\toks20
 (/usr/local/texlive/2025/texmf-dist/tex/generic/pgf/utilities/pgfkeyslibraryfiltered.code.tex
\pgfkeys@tmptoks=\toks21
))
\pgf@x=\dimen146
\pgf@y=\dimen147
\pgf@xa=\dimen148
\pgf@ya=\dimen149
\pgf@xb=\dimen150
\pgf@yb=\dimen151
\pgf@xc=\dimen152
\pgf@yc=\dimen153
\pgf@xd=\dimen154
\pgf@yd=\dimen155
\w@pgf@writea=\write3
\r@pgf@reada=\read2
\c@pgf@counta=\count270
\c@pgf@countb=\count271
\c@pgf@countc=\count272
\c@pgf@countd=\count273
\t@pgf@toka=\toks22
\t@pgf@tokb=\toks23
\t@pgf@tokc=\toks24
\pgf@sys@id@count=\count274
 (/usr/local/texlive/2025/texmf-dist/tex/generic/pgf/systemlayer/pgf.cfg
File: pgf.cfg 2023-01-15 v3.1.10 (3.1.10)
)
Driver file for pgf: pgfsys-pdftex.def
 (/usr/local/texlive/2025/texmf-dist/tex/generic/pgf/systemlayer/pgfsys-pdftex.def
File: pgfsys-pdftex.def 2023-01-15 v3.1.10 (3.1.10)
 (/usr/local/texlive/2025/texmf-dist/tex/generic/pgf/systemlayer/pgfsys-common-pdf.def
File: pgfsys-common-pdf.def 2023-01-15 v3.1.10 (3.1.10)
))) (/usr/local/texlive/2025/texmf-dist/tex/generic/pgf/systemlayer/pgfsyssoftpath.code.tex
File: pgfsyssoftpath.code.tex 2023-01-15 v3.1.10 (3.1.10)
\pgfsyssoftpath@smallbuffer@items=\count275
\pgfsyssoftpath@bigbuffer@items=\count276
) (/usr/local/texlive/2025/texmf-dist/tex/generic/pgf/systemlayer/pgfsysprotocol.code.tex
File: pgfsysprotocol.code.tex 2023-01-15 v3.1.10 (3.1.10)
)) (/usr/local/texlive/2025/texmf-dist/tex/latex/xcolor/xcolor.sty
Package: xcolor 2024/09/29 v3.02 LaTeX color extensions (UK)
 (/usr/local/texlive/2025/texmf-dist/tex/latex/graphics-cfg/color.cfg
File: color.cfg 2016/01/02 v1.6 sample color configuration
)
Package xcolor Info: Driver file: pdftex.def on input line 274.
 (/usr/local/texlive/2025/texmf-dist/tex/latex/graphics/mathcolor.ltx)
Package xcolor Info: Model `cmy' substituted by `cmy0' on input line 1349.
Package xcolor Info: Model `hsb' substituted by `rgb' on input line 1353.
Package xcolor Info: Model `RGB' extended on input line 1365.
Package xcolor Info: Model `HTML' substituted by `rgb' on input line 1367.
Package xcolor Info: Model `Hsb' substituted by `hsb' on input line 1368.
Package xcolor Info: Model `tHsb' substituted by `hsb' on input line 1369.
Package xcolor Info: Model `HSB' substituted by `hsb' on input line 1370.
Package xcolor Info: Model `Gray' substituted by `gray' on input line 1371.
Package xcolor Info: Model `wave' substituted by `hsb' on input line 1372.
) (/usr/local/texlive/2025/texmf-dist/tex/generic/pgf/basiclayer/pgfcore.code.tex
Package: pgfcore 2023-01-15 v3.1.10 (3.1.10)
 (/usr/local/texlive/2025/texmf-dist/tex/generic/pgf/math/pgfmath.code.tex (/usr/local/texlive/2025/texmf-dist/tex/generic/pgf/math/pgfmathutil.code.tex) (/usr/local/texlive/2025/texmf-dist/tex/generic/pgf/math/pgfmathparser.code.tex
\pgfmath@dimen=\dimen156
\pgfmath@count=\count277
\pgfmath@box=\box53
\pgfmath@toks=\toks25
\pgfmath@stack@operand=\toks26
\pgfmath@stack@operation=\toks27
) (/usr/local/texlive/2025/texmf-dist/tex/generic/pgf/math/pgfmathfunctions.code.tex) (/usr/local/texlive/2025/texmf-dist/tex/generic/pgf/math/pgfmathfunctions.basic.code.tex) (/usr/local/texlive/2025/texmf-dist/tex/generic/pgf/math/pgfmathfunctions.trigonometric.code.tex) (/usr/local/texlive/2025/texmf-dist/tex/generic/pgf/math/pgfmathfunctions.random.code.tex) (/usr/local/texlive/2025/texmf-dist/tex/generic/pgf/math/pgfmathfunctions.comparison.code.tex) (/usr/local/texlive/2025/texmf-dist/tex/generic/pgf/math/pgfmathfunctions.base.code.tex) (/usr/local/texlive/2025/texmf-dist/tex/generic/pgf/math/pgfmathfunctions.round.code.tex) (/usr/local/texlive/2025/texmf-dist/tex/generic/pgf/math/pgfmathfunctions.misc.code.tex) (/usr/local/texlive/2025/texmf-dist/tex/generic/pgf/math/pgfmathfunctions.integerarithmetics.code.tex) (/usr/local/texlive/2025/texmf-dist/tex/generic/pgf/math/pgfmathcalc.code.tex) (/usr/local/texlive/2025/texmf-dist/tex/generic/pgf/math/pgfmathfloat.code.tex
\c@pgfmathroundto@lastzeros=\count278
)) (/usr/local/texlive/2025/texmf-dist/tex/generic/pgf/math/pgfint.code.tex) (/usr/local/texlive/2025/texmf-dist/tex/generic/pgf/basiclayer/pgfcorepoints.code.tex
File: pgfcorepoints.code.tex 2023-01-15 v3.1.10 (3.1.10)
\pgf@picminx=\dimen157
\pgf@picmaxx=\dimen158
\pgf@picminy=\dimen159
\pgf@picmaxy=\dimen160
\pgf@pathminx=\dimen161
\pgf@pathmaxx=\dimen162
\pgf@pathminy=\dimen163
\pgf@pathmaxy=\dimen164
\pgf@xx=\dimen165
\pgf@xy=\dimen166
\pgf@yx=\dimen167
\pgf@yy=\dimen168
\pgf@zx=\dimen169
\pgf@zy=\dimen170
) (/usr/local/texlive/2025/texmf-dist/tex/generic/pgf/basiclayer/pgfcorepathconstruct.code.tex
File: pgfcorepathconstruct.code.tex 2023-01-15 v3.1.10 (3.1.10)
\pgf@path@lastx=\dimen171
\pgf@path@lasty=\dimen172
) (/usr/local/texlive/2025/texmf-dist/tex/generic/pgf/basiclayer/pgfcorepathusage.code.tex
File: pgfcorepathusage.code.tex 2023-01-15 v3.1.10 (3.1.10)
\pgf@shorten@end@additional=\dimen173
\pgf@shorten@start@additional=\dimen174
) (/usr/local/texlive/2025/texmf-dist/tex/generic/pgf/basiclayer/pgfcorescopes.code.tex
File: pgfcorescopes.code.tex 2023-01-15 v3.1.10 (3.1.10)
\pgfpic=\box54
\pgf@hbox=\box55
\pgf@layerbox@main=\box56
\pgf@picture@serial@count=\count279
) (/usr/local/texlive/2025/texmf-dist/tex/generic/pgf/basiclayer/pgfcoregraphicstate.code.tex
File: pgfcoregraphicstate.code.tex 2023-01-15 v3.1.10 (3.1.10)
\pgflinewidth=\dimen175
) (/usr/local/texlive/2025/texmf-dist/tex/generic/pgf/basiclayer/pgfcoretransformations.code.tex
File: pgfcoretransformations.code.tex 2023-01-15 v3.1.10 (3.1.10)
\pgf@pt@x=\dimen176
\pgf@pt@y=\dimen177
\pgf@pt@temp=\dimen178
) (/usr/local/texlive/2025/texmf-dist/tex/generic/pgf/basiclayer/pgfcorequick.code.tex
File: pgfcorequick.code.tex 2023-01-15 v3.1.10 (3.1.10)
) (/usr/local/texlive/2025/texmf-dist/tex/generic/pgf/basiclayer/pgfcoreobjects.code.tex
File: pgfcoreobjects.code.tex 2023-01-15 v3.1.10 (3.1.10)
) (/usr/local/texlive/2025/texmf-dist/tex/generic/pgf/basiclayer/pgfcorepathprocessing.code.tex
File: pgfcorepathprocessing.code.tex 2023-01-15 v3.1.10 (3.1.10)
) (/usr/local/texlive/2025/texmf-dist/tex/generic/pgf/basiclayer/pgfcorearrows.code.tex
File: pgfcorearrows.code.tex 2023-01-15 v3.1.10 (3.1.10)
\pgfarrowsep=\dimen179
) (/usr/local/texlive/2025/texmf-dist/tex/generic/pgf/basiclayer/pgfcoreshade.code.tex
File: pgfcoreshade.code.tex 2023-01-15 v3.1.10 (3.1.10)
\pgf@max=\dimen180
\pgf@sys@shading@range@num=\count280
\pgf@shadingcount=\count281
) (/usr/local/texlive/2025/texmf-dist/tex/generic/pgf/basiclayer/pgfcoreimage.code.tex
File: pgfcoreimage.code.tex 2023-01-15 v3.1.10 (3.1.10)
) (/usr/local/texlive/2025/texmf-dist/tex/generic/pgf/basiclayer/pgfcoreexternal.code.tex
File: pgfcoreexternal.code.tex 2023-01-15 v3.1.10 (3.1.10)
\pgfexternal@startupbox=\box57
) (/usr/local/texlive/2025/texmf-dist/tex/generic/pgf/basiclayer/pgfcorelayers.code.tex
File: pgfcorelayers.code.tex 2023-01-15 v3.1.10 (3.1.10)
) (/usr/local/texlive/2025/texmf-dist/tex/generic/pgf/basiclayer/pgfcoretransparency.code.tex
File: pgfcoretransparency.code.tex 2023-01-15 v3.1.10 (3.1.10)
) (/usr/local/texlive/2025/texmf-dist/tex/generic/pgf/basiclayer/pgfcorepatterns.code.tex
File: pgfcorepatterns.code.tex 2023-01-15 v3.1.10 (3.1.10)
) (/usr/local/texlive/2025/texmf-dist/tex/generic/pgf/basiclayer/pgfcorerdf.code.tex
File: pgfcorerdf.code.tex 2023-01-15 v3.1.10 (3.1.10)
))) (/usr/local/texlive/2025/texmf-dist/tex/generic/pgf/modules/pgfmoduleshapes.code.tex
File: pgfmoduleshapes.code.tex 2023-01-15 v3.1.10 (3.1.10)
\pgfnodeparttextbox=\box58
) (/usr/local/texlive/2025/texmf-dist/tex/generic/pgf/modules/pgfmoduleplot.code.tex
File: pgfmoduleplot.code.tex 2023-01-15 v3.1.10 (3.1.10)
) (/usr/local/texlive/2025/texmf-dist/tex/latex/pgf/compatibility/pgfcomp-version-0-65.sty
Package: pgfcomp-version-0-65 2023-01-15 v3.1.10 (3.1.10)
\pgf@nodesepstart=\dimen181
\pgf@nodesepend=\dimen182
) (/usr/local/texlive/2025/texmf-dist/tex/latex/pgf/compatibility/pgfcomp-version-1-18.sty
Package: pgfcomp-version-1-18 2023-01-15 v3.1.10 (3.1.10)
)) (/usr/local/texlive/2025/texmf-dist/tex/latex/pgf/utilities/pgffor.sty (/usr/local/texlive/2025/texmf-dist/tex/latex/pgf/utilities/pgfkeys.sty (/usr/local/texlive/2025/texmf-dist/tex/generic/pgf/utilities/pgfkeys.code.tex)) (/usr/local/texlive/2025/texmf-dist/tex/latex/pgf/math/pgfmath.sty (/usr/local/texlive/2025/texmf-dist/tex/generic/pgf/math/pgfmath.code.tex)) (/usr/local/texlive/2025/texmf-dist/tex/generic/pgf/utilities/pgffor.code.tex
Package: pgffor 2023-01-15 v3.1.10 (3.1.10)
\pgffor@iter=\dimen183
\pgffor@skip=\dimen184
\pgffor@stack=\toks28
\pgffor@toks=\toks29
)) (/usr/local/texlive/2025/texmf-dist/tex/generic/pgf/frontendlayer/tikz/tikz.code.tex
Package: tikz 2023-01-15 v3.1.10 (3.1.10)
 (/usr/local/texlive/2025/texmf-dist/tex/generic/pgf/libraries/pgflibraryplothandlers.code.tex
File: pgflibraryplothandlers.code.tex 2023-01-15 v3.1.10 (3.1.10)
\pgf@plot@mark@count=\count282
\pgfplotmarksize=\dimen185
)
\tikz@lastx=\dimen186
\tikz@lasty=\dimen187
\tikz@lastxsaved=\dimen188
\tikz@lastysaved=\dimen189
\tikz@lastmovetox=\dimen190
\tikz@lastmovetoy=\dimen191
\tikzleveldistance=\dimen192
\tikzsiblingdistance=\dimen193
\tikz@figbox=\box59
\tikz@figbox@bg=\box60
\tikz@tempbox=\box61
\tikz@tempbox@bg=\box62
\tikztreelevel=\count283
\tikznumberofchildren=\count284
\tikznumberofcurrentchild=\count285
\tikz@fig@count=\count286
 (/usr/local/texlive/2025/texmf-dist/tex/generic/pgf/modules/pgfmodulematrix.code.tex
File: pgfmodulematrix.code.tex 2023-01-15 v3.1.10 (3.1.10)
\pgfmatrixcurrentrow=\count287
\pgfmatrixcurrentcolumn=\count288
\pgf@matrix@numberofcolumns=\count289
)
\tikz@expandcount=\count290
 (/usr/local/texlive/2025/texmf-dist/tex/generic/pgf/frontendlayer/tikz/libraries/tikzlibrarytopaths.code.tex
File: tikzlibrarytopaths.code.tex 2023-01-15 v3.1.10 (3.1.10)
))) (/usr/local/texlive/2025/texmf-dist/tex/latex/amsmath/amsmath.sty
Package: amsmath 2024/11/05 v2.17t AMS math features
\@mathmargin=\skip51

For additional information on amsmath, use the `?' option.
(/usr/local/texlive/2025/texmf-dist/tex/latex/amsmath/amstext.sty
Package: amstext 2021/08/26 v2.01 AMS text
 (/usr/local/texlive/2025/texmf-dist/tex/latex/amsmath/amsgen.sty
File: amsgen.sty 1999/11/30 v2.0 generic functions
\@emptytoks=\toks30
\ex@=\dimen194
)) (/usr/local/texlive/2025/texmf-dist/tex/latex/amsmath/amsbsy.sty
Package: amsbsy 1999/11/29 v1.2d Bold Symbols
\pmbraise@=\dimen195
) (/usr/local/texlive/2025/texmf-dist/tex/latex/amsmath/amsopn.sty
Package: amsopn 2022/04/08 v2.04 operator names
)
\inf@bad=\count291
LaTeX Info: Redefining \frac on input line 233.
\uproot@=\count292
\leftroot@=\count293
LaTeX Info: Redefining \overline on input line 398.
LaTeX Info: Redefining \colon on input line 409.
\classnum@=\count294
\DOTSCASE@=\count295
LaTeX Info: Redefining \ldots on input line 495.
LaTeX Info: Redefining \dots on input line 498.
LaTeX Info: Redefining \cdots on input line 619.
\Mathstrutbox@=\box63
\strutbox@=\box64
LaTeX Info: Redefining \big on input line 721.
LaTeX Info: Redefining \Big on input line 722.
LaTeX Info: Redefining \bigg on input line 723.
LaTeX Info: Redefining \Bigg on input line 724.
\big@size=\dimen196
LaTeX Font Info:    Redeclaring font encoding OML on input line 742.
LaTeX Font Info:    Redeclaring font encoding OMS on input line 743.
\macc@depth=\count296
LaTeX Info: Redefining \bmod on input line 904.
LaTeX Info: Redefining \pmod on input line 909.
LaTeX Info: Redefining \smash on input line 939.
LaTeX Info: Redefining \relbar on input line 969.
LaTeX Info: Redefining \Relbar on input line 970.
\c@MaxMatrixCols=\count297
\dotsspace@=\muskip17
\c@parentequation=\count298
\dspbrk@lvl=\count299
\tag@help=\toks31
\row@=\count300
\column@=\count301
\maxfields@=\count302
\andhelp@=\toks32
\eqnshift@=\dimen197
\alignsep@=\dimen198
\tagshift@=\dimen199
\tagwidth@=\dimen256
\totwidth@=\dimen257
\lineht@=\dimen258
\@envbody=\toks33
\multlinegap=\skip52
\multlinetaggap=\skip53
\mathdisplay@stack=\toks34
LaTeX Info: Redefining \[ on input line 2953.
LaTeX Info: Redefining \] on input line 2954.
) (/usr/local/texlive/2025/texmf-dist/tex/latex/booktabs/booktabs.sty
Package: booktabs 2020/01/12 v1.61803398 Publication quality tables
\heavyrulewidth=\dimen259
\lightrulewidth=\dimen260
\cmidrulewidth=\dimen261
\belowrulesep=\dimen262
\belowbottomsep=\dimen263
\aboverulesep=\dimen264
\abovetopsep=\dimen265
\cmidrulesep=\dimen266
\cmidrulekern=\dimen267
\defaultaddspace=\dimen268
\@cmidla=\count303
\@cmidlb=\count304
\@aboverulesep=\dimen269
\@belowrulesep=\dimen270
\@thisruleclass=\count305
\@lastruleclass=\count306
\@thisrulewidth=\dimen271
) (/usr/local/texlive/2025/texmf-dist/tex/latex/amsfonts/amssymb.sty
Package: amssymb 2013/01/14 v3.01 AMS font symbols
 (/usr/local/texlive/2025/texmf-dist/tex/latex/amsfonts/amsfonts.sty
Package: amsfonts 2013/01/14 v3.01 Basic AMSFonts support
\symAMSa=\mathgroup4
\symAMSb=\mathgroup5
LaTeX Font Info:    Redeclaring math symbol \hbar on input line 98.
LaTeX Font Info:    Overwriting math alphabet `\mathfrak' in version `bold'
(Font)                  U/euf/m/n --> U/euf/b/n on input line 106.
)) (/usr/local/texlive/2025/texmf-dist/tex/latex/amscls/amsthm.sty
Package: amsthm 2020/05/29 v2.20.6
\thm@style=\toks35
\thm@bodyfont=\toks36
\thm@headfont=\toks37
\thm@notefont=\toks38
\thm@headpunct=\toks39
\thm@preskip=\skip54
\thm@postskip=\skip55
\thm@headsep=\skip56
\dth@everypar=\toks40
) (/usr/local/texlive/2025/texmf-dist/tex/latex/mathtools/mathtools.sty
Package: mathtools 2024/10/04 v1.31 mathematical typesetting tools
 (/usr/local/texlive/2025/texmf-dist/tex/latex/tools/calc.sty
Package: calc 2023/07/08 v4.3 Infix arithmetic (KKT,FJ)
\calc@Acount=\count307
\calc@Bcount=\count308
\calc@Adimen=\dimen272
\calc@Bdimen=\dimen273
\calc@Askip=\skip57
\calc@Bskip=\skip58
LaTeX Info: Redefining \setlength on input line 80.
LaTeX Info: Redefining \addtolength on input line 81.
\calc@Ccount=\count309
\calc@Cskip=\skip59
) (/usr/local/texlive/2025/texmf-dist/tex/latex/mathtools/mhsetup.sty
Package: mhsetup 2021/03/18 v1.4 programming setup (MH)
)
\g_MT_multlinerow_int=\count310
\l_MT_multwidth_dim=\dimen274
\origjot=\skip60
\l_MT_shortvdotswithinadjustabove_dim=\dimen275
\l_MT_shortvdotswithinadjustbelow_dim=\dimen276
\l_MT_above_intertext_sep=\dimen277
\l_MT_below_intertext_sep=\dimen278
\l_MT_above_shortintertext_sep=\dimen279
\l_MT_below_shortintertext_sep=\dimen280
\xmathstrut@box=\box65
\xmathstrut@dim=\dimen281
)
\c@theorem=\count311
 (/usr/local/texlive/2025/texmf-dist/tex/latex/l3backend/l3backend-pdftex.def
File: l3backend-pdftex.def 2024-05-08 L3 backend support: PDF output (pdfTeX)
\l__color_backend_stack_int=\count312
\l__pdf_internal_box=\box66
)
No file snarkifying_mithril.aux.
\openout1 = `snarkifying_mithril.aux'.

LaTeX Font Info:    Checking defaults for OML/cmm/m/it on input line 35.
LaTeX Font Info:    ... okay on input line 35.
LaTeX Font Info:    Checking defaults for OMS/cmsy/m/n on input line 35.
LaTeX Font Info:    ... okay on input line 35.
LaTeX Font Info:    Checking defaults for OT1/cmr/m/n on input line 35.
LaTeX Font Info:    ... okay on input line 35.
LaTeX Font Info:    Checking defaults for T1/cmr/m/n on input line 35.
LaTeX Font Info:    ... okay on input line 35.
LaTeX Font Info:    Checking defaults for TS1/cmr/m/n on input line 35.
LaTeX Font Info:    ... okay on input line 35.
LaTeX Font Info:    Checking defaults for OMX/cmex/m/n on input line 35.
LaTeX Font Info:    ... okay on input line 35.
LaTeX Font Info:    Checking defaults for U/cmr/m/n on input line 35.
LaTeX Font Info:    ... okay on input line 35.
(/usr/local/texlive/2025/texmf-dist/tex/context/base/mkii/supp-pdf.mkii
[Loading MPS to PDF converter (version 2006.09.02).]
\scratchcounter=\count313
\scratchdimen=\dimen282
\scratchbox=\box67
\nofMPsegments=\count314
\nofMParguments=\count315
\everyMPshowfont=\toks41
\MPscratchCnt=\count316
\MPscratchDim=\dimen283
\MPnumerator=\count317
\makeMPintoPDFobject=\count318
\everyMPtoPDFconversion=\toks42
) (/usr/local/texlive/2025/texmf-dist/tex/latex/epstopdf-pkg/epstopdf-base.sty
Package: epstopdf-base 2020-01-24 v2.11 Base part for package epstopdf
Package epstopdf-base Info: Redefining graphics rule for `.eps' on input line 485.
 (/usr/local/texlive/2025/texmf-dist/tex/latex/latexconfig/epstopdf-sys.cfg
File: epstopdf-sys.cfg 2010/07/13 v1.3 Configuration of (r)epstopdf for TeX Live
))
LaTeX Font Info:    Trying to load font information for U+msa on input line 37.
 (/usr/local/texlive/2025/texmf-dist/tex/latex/amsfonts/umsa.fd
File: umsa.fd 2013/01/14 v3.01 AMS symbols A
)
LaTeX Font Info:    Trying to load font information for U+msb on input line 37.
 (/usr/local/texlive/2025/texmf-dist/tex/latex/amsfonts/umsb.fd
File: umsb.fd 2013/01/14 v3.01 AMS symbols B
)
LaTeX Font Info:    Trying to load font information for OMS+cmr on input line 37.
 (/usr/local/texlive/2025/texmf-dist/tex/latex/base/omscmr.fd
File: omscmr.fd 2024/11/19 v2.5n Standard LaTeX font definitions
)
LaTeX Font Info:    Font shape `OMS/cmr/m/n' in size <12> not available
(Font)              Font shape `OMS/cmsy/m/n' tried instead on input line 37.

Overfull \hbox (0.65584pt too wide) in paragraph at lines 77--81
[]$\OML/cmm/m/it/10 pp \OMS/cmsy/m/n/10   []\OT1/cmr/m/n/10 (1[])$: run the group gen-er-a-tor to ob-tain $(\OML/cmm/m/it/10 q; G[]; G[]; G[]; g[]; g[]; e\OT1/cmr/m/n/10 )$
 []



[1

{/usr/local/texlive/2025/texmf-var/fonts/map/pdftex/updmap/pdftex.map}{/usr/local/texlive/2025/texmf-dist/fonts/enc/dvips/cm-super/cm-super-ts1.enc}]
Overfull \hbox (21.05457pt too wide) in paragraph at lines 121--128
[]$[] \OMS/cmsy/m/n/10   []\OT1/cmr/m/n/10 ([]\OML/cmm/m/it/10 ; \OT1/cmr/bx/n/10 w\OT1/cmr/m/n/10 )$: on in-put a vec-tor of ver-i-fi-ca-tion keys $[] = (\OML/cmm/m/it/10 vk[]; [] ; vk[]\OT1/cmr/m/n/10 )$
 []



[2]
Overfull \hbox (6.743pt too wide) in paragraph at lines 166--169
[]$\OML/cmm/m/it/10 b \OMS/cmsy/m/n/10   []\OT1/cmr/m/n/10 ([]\OML/cmm/m/it/10 ;  [];  \OT1/cmr/bx/n/10 w\OT1/cmr/m/n/10 )$, where $\OML/cmm/m/it/10 b \OMS/cmsy/m/n/10 2 f\OT1/cmr/m/n/10 0\OML/cmm/m/it/10 ; \OT1/cmr/m/n/10 1\OMS/cmsy/m/n/10 g$\OT1/cmr/m/n/10 : de-ter-min-is-ti-cally checks whether
 []



[3]
Overfull \hbox (29.63559pt too wide) in paragraph at lines 221--225
\OT1/cmr/m/n/10 let $(\OML/cmm/m/it/10 sk[]; vk[]\OT1/cmr/m/n/10 )$ be gen-er-ated by $(\OML/cmm/m/it/10 sk[]; vk[]\OT1/cmr/m/n/10 ) \OMS/cmsy/m/n/10   []\OT1/cmr/m/n/10 ([])$. If $\OML/cmm/m/it/10 ^^[[] \OMS/cmsy/m/n/10   []\OT1/cmr/m/n/10 (\OML/cmm/m/it/10 vk[]; w[]; sk[]; j; m\OT1/cmr/m/n/10 )$
 []



[4]

[5]

[6]

[7]
Overfull \hbox (7.63965pt too wide) in paragraph at lines 519--521
[]\OT1/cmr/m/n/10 The above in-ter-ac-tion may con-tinue for an ar-bi-trary (poly-no-mi-ally bounded)
 []


Overfull \hbox (16.83475pt too wide) in paragraph at lines 546--549
[]\OT1/cmr/m/n/10 there ex-ists a pair $(\OML/cmm/m/it/10 i[]; j[]\OT1/cmr/m/n/10 ) \OMS/cmsy/m/n/10 2 []\OT1/cmr/m/n/10 (\OML/cmm/m/it/10 ^^\[]\OT1/cmr/m/n/10 )$ such that $\OML/cmm/m/it/10 i[] [] \OMS/cmsy/m/n/10 C$ \OT1/cmr/m/n/10 and $(\OML/cmm/m/it/10 i[]; j[]; m[]\OT1/cmr/m/n/10 ) []
 []



[8]
Overfull \hbox (121.8587pt too wide) in paragraph at lines 581--593
 \OT1/cmr/bx/n/10 Stake-based un-forge-abil-ity $\OML/cmm/m/it/10 $\OT1/cmr/bx/n/10 -\OT1/cmss/bx/n/10 UF-CMA\OT1/cmr/bx/n/10 .[]  \OT1/cmr/m/n/10 Let $^^E[] = ([]\OML/cmm/m/it/10 ; []; []; []; []; []; []; []\OT1/cmr/m/n/10 )$
 []



[9]
Overfull \hbox (21.84943pt too wide) detected at line 695
\OMS/cmsy/m/n/10 I\OT1/cmr/m/n/10 [[](\OML/cmm/m/it/10 m[]\OT1/cmr/m/n/10 )\OML/cmm/m/it/10 ; []\OT1/cmr/m/n/10 ] \OMS/cmsy/m/n/10   I\OT1/cmr/m/n/10 [[](\OML/cmm/m/it/10 m[]\OT1/cmr/m/n/10 )\OML/cmm/m/it/10 ; []\OT1/cmr/m/n/10 ] \OMS/cmsy/m/n/10 [ f\OML/cmm/m/it/10 i\OMS/cmsy/m/n/10 g\OML/cmm/m/it/10 ;  \OMS/cmsy/m/n/10 J\OT1/cmr/m/n/10 [\OML/cmm/m/it/10 m[]; []\OT1/cmr/m/n/10 ] \OMS/cmsy/m/n/10   J\OT1/cmr/m/n/10 [\OML/cmm/m/it/10 m[]; []\OT1/cmr/m/n/10 ] \OMS/cmsy/m/n/10 [ f\OML/cmm/m/it/10 i\OMS/cmsy/m/n/10 g\OML/cmm/m/it/10 :
 []


Overfull \hbox (7.63965pt too wide) in paragraph at lines 700--702
[]\OT1/cmr/m/n/10 The above in-ter-ac-tion may con-tinue for an ar-bi-trary (poly-no-mi-ally bounded)
 []


Overfull \hbox (8.5548pt too wide) in paragraph at lines 718--724
\OT1/cmr/m/n/10 Let $^^E[] = ([]\OML/cmm/m/it/10 ; []; []; []; []; []; []; []\OT1/cmr/m/n/10 )$ be an STMS scheme
 []


Overfull \hbox (2.06386pt too wide) in paragraph at lines 732--733
\OT1/cmr/m/n/10 ag-gre-gate ver-i-fi-ca-tion key $[] \OMS/cmsy/m/n/10   []\OT1/cmr/m/n/10 ([]\OML/cmm/m/it/10 ; \OT1/cmr/bx/n/10 w\OT1/cmr/m/n/10 )$, where $[] := ([][]\OML/cmm/m/it/10 ; [] ; [][]\OT1/cmr/m/n/10 )$.
 []



[10]

[11]
LaTeX Font Info:    Font shape `OT1/cmss/m/it' in size <10> not available
(Font)              Font shape `OT1/cmss/m/sl' tried instead on input line 795.


[12]
Overfull \hbox (6.17749pt too wide) in paragraph at lines 902--907
\OT1/cmr/m/n/10 Whenever $\OML/cmm/m/it/10 ^^[ \OMS/cmsy/m/n/10 6\OT1/cmr/m/n/10 = \OMS/cmsy/m/n/10 ?$ \OT1/cmr/m/n/10 it adds the pair $([][\OML/cmm/m/it/10 i\OT1/cmr/m/n/10 ]\OML/cmm/m/it/10 ; ^^[\OT1/cmr/m/n/10 )$ to the mul-ti-set $[][\OML/cmm/m/it/10 i; m; []\OT1/cmr/m/n/10 ]$.
 []


Overfull \hbox (5.49625pt too wide) detected at line 913
\OML/cmm/m/it/10 I\OT1/cmr/m/n/10 [\OML/cmm/m/it/10 m:[]; []\OT1/cmr/m/n/10 ]  \OMS/cmsy/m/n/10    \OML/cmm/m/it/10 I\OT1/cmr/m/n/10 [\OML/cmm/m/it/10 m:[]; []\OT1/cmr/m/n/10 ] \OMS/cmsy/m/n/10 [ f\OML/cmm/m/it/10 i\OMS/cmsy/m/n/10 g\OML/cmm/m/it/10 ;  J\OT1/cmr/m/n/10 [\OML/cmm/m/it/10 m; []\OT1/cmr/m/n/10 ]  \OMS/cmsy/m/n/10    \OML/cmm/m/it/10 J\OT1/cmr/m/n/10 [\OML/cmm/m/it/10 m; []\OT1/cmr/m/n/10 ] \OMS/cmsy/m/n/10 [ f\OML/cmm/m/it/10 i\OMS/cmsy/m/n/10 g\OML/cmm/m/it/10 ;
 []



[13]

LaTeX Warning: Reference `appendix:instantiation-mithril' on page 14 undefined on input line 998.


LaTeX Warning: Citation `ChaidosKiayiasMithril2024' on page 14 undefined on input line 999.

/Users/wuyun/Documents/Project/bridge-manuscript/2025.11/2025.11.25/snarkifying_mithril.tex:1004: Undefined control sequence.
<recently read> \Eval 
                      
l.1004 and the eligibility function $\Eval
                                          $ as defined in
The control sequence at the end of the top line
of your error message was never \def'ed. If you have
misspelled it (e.g., `\hobx'), type `I' and the correct
spelling (e.g., `I\hbox'). Otherwise just continue,
and I'll forget about whatever was undefined.


LaTeX Warning: Citation `WuyunSTMSBlueprint2025' on page 14 undefined on input line 1005.


LaTeX Warning: Reference `appendix:instantiation-mithril' on page 14 undefined on input line 1010.

/Users/wuyun/Documents/Project/bridge-manuscript/2025.11/2025.11.25/snarkifying_mithril.tex:1013: Undefined control sequence.
<recently read> \Eval 
                      
l.1013 (ii) the hash functions $H$ and $\Eval
                                             $ are modelled as random oracles;
The control sequence at the end of the top line
of your error message was never \def'ed. If you have
misspelled it (e.g., `\hobx'), type `I' and the correct
spelling (e.g., `I\hbox'). Otherwise just continue,
and I'll forget about whatever was undefined.

/Users/wuyun/Documents/Project/bridge-manuscript/2025.11/2025.11.25/snarkifying_mithril.tex:1021: Missing { inserted.
<to be read again> 
                   \discretionary 
l.1021 forgery $(\mathit{vk}^\*
                               ,m^\*,\tau^\*)$ in the STMS unforgeability
A left brace was mandatory here, so I've put one in.
You might want to delete and/or insert some corrections
so that I will find a matching right brace soon.
(If you're confused by all this, try typing `I}' now.)

/Users/wuyun/Documents/Project/bridge-manuscript/2025.11/2025.11.25/snarkifying_mithril.tex:1021: Missing { inserted.
<to be read again> 
                   \discretionary 
l.1021 forgery $(\mathit{vk}^\*,m^\*
                                    ,\tau^\*)$ in the STMS unforgeability
A left brace was mandatory here, so I've put one in.
You might want to delete and/or insert some corrections
so that I will find a matching right brace soon.
(If you're confused by all this, try typing `I}' now.)

/Users/wuyun/Documents/Project/bridge-manuscript/2025.11/2025.11.25/snarkifying_mithril.tex:1021: Missing { inserted.
<to be read again> 
                   \discretionary 
l.1021 forgery $(\mathit{vk}^\*,m^\*,\tau^\*
                                            )$ in the STMS unforgeability
A left brace was mandatory here, so I've put one in.
You might want to delete and/or insert some corrections
so that I will find a matching right brace soon.
(If you're confused by all this, try typing `I}' now.)

/Users/wuyun/Documents/Project/bridge-manuscript/2025.11/2025.11.25/snarkifying_mithril.tex:1021: Missing } inserted.
<inserted text> 
                }
l.1021 forgery $(\mathit{vk}^\*,m^\*,\tau^\*)$
                                               in the STMS unforgeability
I've inserted something that you may have forgotten.
(See the <inserted text> above.)
With luck, this will get me unwedged. But if you
really didn't forget anything, try typing `2' now; then
my insertion and my current dilemma will both disappear.

/Users/wuyun/Documents/Project/bridge-manuscript/2025.11/2025.11.25/snarkifying_mithril.tex:1021: Missing } inserted.
<inserted text> 
                }
l.1021 forgery $(\mathit{vk}^\*,m^\*,\tau^\*)$
                                               in the STMS unforgeability
I've inserted something that you may have forgotten.
(See the <inserted text> above.)
With luck, this will get me unwedged. But if you
really didn't forget anything, try typing `2' now; then
my insertion and my current dilemma will both disappear.

/Users/wuyun/Documents/Project/bridge-manuscript/2025.11/2025.11.25/snarkifying_mithril.tex:1021: Missing } inserted.
<inserted text> 
                }
l.1021 forgery $(\mathit{vk}^\*,m^\*,\tau^\*)$
                                               in the STMS unforgeability
I've inserted something that you may have forgotten.
(See the <inserted text> above.)
With luck, this will get me unwedged. But if you
really didn't forget anything, try typing `2' now; then
my insertion and my current dilemma will both disappear.

/Users/wuyun/Documents/Project/bridge-manuscript/2025.11/2025.11.25/snarkifying_mithril.tex:1023: Undefined control sequence.
<recently read> \ACheck 
                        
l.1023 (1) $\ACheck
                   (\avk,\mathit{vk}^\*,w)=1$,
The control sequence at the end of the top line
of your error message was never \def'ed. If you have
misspelled it (e.g., `\hobx'), type `I' and the correct
spelling (e.g., `I\hbox'). Otherwise just continue,
and I'll forget about whatever was undefined.

/Users/wuyun/Documents/Project/bridge-manuscript/2025.11/2025.11.25/snarkifying_mithril.tex:1023: Undefined control sequence.
l.1023 (1) $\ACheck(\avk
                        ,\mathit{vk}^\*,w)=1$,
The control sequence at the end of the top line
of your error message was never \def'ed. If you have
misspelled it (e.g., `\hobx'), type `I' and the correct
spelling (e.g., `I\hbox'). Otherwise just continue,
and I'll forget about whatever was undefined.

/Users/wuyun/Documents/Project/bridge-manuscript/2025.11/2025.11.25/snarkifying_mithril.tex:1023: Missing { inserted.
<to be read again> 
                   \discretionary 
l.1023 (1) $\ACheck(\avk,\mathit{vk}^\*
                                       ,w)=1$,
A left brace was mandatory here, so I've put one in.
You might want to delete and/or insert some corrections
so that I will find a matching right brace soon.
(If you're confused by all this, try typing `I}' now.)

/Users/wuyun/Documents/Project/bridge-manuscript/2025.11/2025.11.25/snarkifying_mithril.tex:1023: Missing } inserted.
<inserted text> 
                }
l.1023 (1) $\ACheck(\avk,\mathit{vk}^\*,w)=1$
                                             ,
I've inserted something that you may have forgotten.
(See the <inserted text> above.)
With luck, this will get me unwedged. But if you
really didn't forget anything, try typing `2' now; then
my insertion and my current dilemma will both disappear.

/Users/wuyun/Documents/Project/bridge-manuscript/2025.11/2025.11.25/snarkifying_mithril.tex:1024: Undefined control sequence.
<recently read> \AVer 
                      
l.1024 (2) $\AVer
                 (\avk,m^\*,\tau^\*,T)=1$, and
The control sequence at the end of the top line
of your error message was never \def'ed. If you have
misspelled it (e.g., `\hobx'), type `I' and the correct
spelling (e.g., `I\hbox'). Otherwise just continue,
and I'll forget about whatever was undefined.

/Users/wuyun/Documents/Project/bridge-manuscript/2025.11/2025.11.25/snarkifying_mithril.tex:1024: Undefined control sequence.
l.1024 (2) $\AVer(\avk
                      ,m^\*,\tau^\*,T)=1$, and
The control sequence at the end of the top line
of your error message was never \def'ed. If you have
misspelled it (e.g., `\hobx'), type `I' and the correct
spelling (e.g., `I\hbox'). Otherwise just continue,
and I'll forget about whatever was undefined.

/Users/wuyun/Documents/Project/bridge-manuscript/2025.11/2025.11.25/snarkifying_mithril.tex:1024: Missing { inserted.
<to be read again> 
                   \discretionary 
l.1024 (2) $\AVer(\avk,m^\*
                           ,\tau^\*,T)=1$, and
A left brace was mandatory here, so I've put one in.
You might want to delete and/or insert some corrections
so that I will find a matching right brace soon.
(If you're confused by all this, try typing `I}' now.)

/Users/wuyun/Documents/Project/bridge-manuscript/2025.11/2025.11.25/snarkifying_mithril.tex:1024: Missing { inserted.
<to be read again> 
                   \discretionary 
l.1024 (2) $\AVer(\avk,m^\*,\tau^\*
                                   ,T)=1$, and
A left brace was mandatory here, so I've put one in.
You might want to delete and/or insert some corrections
so that I will find a matching right brace soon.
(If you're confused by all this, try typing `I}' now.)

/Users/wuyun/Documents/Project/bridge-manuscript/2025.11/2025.11.25/snarkifying_mithril.tex:1024: Missing } inserted.
<inserted text> 
                }
l.1024 (2) $\AVer(\avk,m^\*,\tau^\*,T)=1$
                                         , and
I've inserted something that you may have forgotten.
(See the <inserted text> above.)
With luck, this will get me unwedged. But if you
really didn't forget anything, try typing `2' now; then
my insertion and my current dilemma will both disappear.

/Users/wuyun/Documents/Project/bridge-manuscript/2025.11/2025.11.25/snarkifying_mithril.tex:1024: Missing } inserted.
<inserted text> 
                }
l.1024 (2) $\AVer(\avk,m^\*,\tau^\*,T)=1$
                                         , and
I've inserted something that you may have forgotten.
(See the <inserted text> above.)
With luck, this will get me unwedged. But if you
really didn't forget anything, try typing `2' now; then
my insertion and my current dilemma will both disappear.

/Users/wuyun/Documents/Project/bridge-manuscript/2025.11/2025.11.25/snarkifying_mithril.tex:1025: Missing { inserted.
<to be read again> 
                   \discretionary 
l.1025 ... of the signers contributing to~$\tau^\*
                                                  $ but not
A left brace was mandatory here, so I've put one in.
You might want to delete and/or insert some corrections
so that I will find a matching right brace soon.
(If you're confused by all this, try typing `I}' now.)

/Users/wuyun/Documents/Project/bridge-manuscript/2025.11/2025.11.25/snarkifying_mithril.tex:1025: Missing } inserted.
<inserted text> 
                }
l.1025 ...of the signers contributing to~$\tau^\*$
                                                   but not
I've inserted something that you may have forgotten.
(See the <inserted text> above.)
With luck, this will get me unwedged. But if you
really didn't forget anything, try typing `2' now; then
my insertion and my current dilemma will both disappear.

/Users/wuyun/Documents/Project/bridge-manuscript/2025.11/2025.11.25/snarkifying_mithril.tex:1029: Undefined control sequence.
<recently read> \ASig 
                      
l.1029 By correctness of $\ASig
                               $ (see
The control sequence at the end of the top line
of your error message was never \def'ed. If you have
misspelled it (e.g., `\hobx'), type `I' and the correct
spelling (e.g., `I\hbox'). Otherwise just continue,
and I'll forget about whatever was undefined.


LaTeX Warning: Reference `sec:stms-syntax' on page 14 undefined on input line 1030.

/Users/wuyun/Documents/Project/bridge-manuscript/2025.11/2025.11.25/snarkifying_mithril.tex:1030: Undefined control sequence.
<recently read> \AVer 
                      
l.1030 Section~\ref{sec:stms-syntax}), if $\AVer
                                                $ accepts then the aggregate
The control sequence at the end of the top line
of your error message was never \def'ed. If you have
misspelled it (e.g., `\hobx'), type `I' and the correct
spelling (e.g., `I\hbox'). Otherwise just continue,
and I'll forget about whatever was undefined.

/Users/wuyun/Documents/Project/bridge-manuscript/2025.11/2025.11.25/snarkifying_mithril.tex:1031: Missing { inserted.
<to be read again> 
                   \discretionary 
l.1031 signature $\tau^\*
                         $ contains at least $k$ valid individual BLS
A left brace was mandatory here, so I've put one in.
You might want to delete and/or insert some corrections
so that I will find a matching right brace soon.
(If you're confused by all this, try typing `I}' now.)

/Users/wuyun/Documents/Project/bridge-manuscript/2025.11/2025.11.25/snarkifying_mithril.tex:1031: Missing } inserted.
<inserted text> 
                }
l.1031 signature $\tau^\*$
                           contains at least $k$ valid individual BLS
I've inserted something that you may have forgotten.
(See the <inserted text> above.)
With luck, this will get me unwedged. But if you
really didn't forget anything, try typing `2' now; then
my insertion and my current dilemma will both disappear.

/Users/wuyun/Documents/Project/bridge-manuscript/2025.11/2025.11.25/snarkifying_mithril.tex:1032: Missing { inserted.
<to be read again> 
                   \discretionary 
l.1032 signatures $\sigma_i = H(m^\*
                                    )^{sk_i}$ coming from \emph{distinct}
A left brace was mandatory here, so I've put one in.
You might want to delete and/or insert some corrections
so that I will find a matching right brace soon.
(If you're confused by all this, try typing `I}' now.)

/Users/wuyun/Documents/Project/bridge-manuscript/2025.11/2025.11.25/snarkifying_mithril.tex:1032: Missing } inserted.
<inserted text> 
                }
l.1032 signatures $\sigma_i = H(m^\*)^{sk_i}$
                                              coming from \emph{distinct}
I've inserted something that you may have forgotten.
(See the <inserted text> above.)
With luck, this will get me unwedged. But if you
really didn't forget anything, try typing `2' now; then
my insertion and my current dilemma will both disappear.

/Users/wuyun/Documents/Project/bridge-manuscript/2025.11/2025.11.25/snarkifying_mithril.tex:1038: Missing { inserted.
<to be read again> 
                   \discretionary 
l.1038 ...or queried for a signing oracle on~$m^\*
                                                  $.
A left brace was mandatory here, so I've put one in.
You might want to delete and/or insert some corrections
so that I will find a matching right brace soon.
(If you're confused by all this, try typing `I}' now.)

/Users/wuyun/Documents/Project/bridge-manuscript/2025.11/2025.11.25/snarkifying_mithril.tex:1038: Missing } inserted.
<inserted text> 
                }
l.1038 ...r queried for a signing oracle on~$m^\*$
                                                  .
I've inserted something that you may have forgotten.
(See the <inserted text> above.)
With luck, this will get me unwedged. But if you
really didn't forget anything, try typing `2' now; then
my insertion and my current dilemma will both disappear.



[14]
/Users/wuyun/Documents/Project/bridge-manuscript/2025.11/2025.11.25/snarkifying_mithril.tex:1040: Missing { inserted.
<to be read again> 
                   \discretionary 
l.1040 Thus, from $\tau^\*
                          $ we can extract an unqueried, uncorrupted BLS
A left brace was mandatory here, so I've put one in.
You might want to delete and/or insert some corrections
so that I will find a matching right brace soon.
(If you're confused by all this, try typing `I}' now.)

/Users/wuyun/Documents/Project/bridge-manuscript/2025.11/2025.11.25/snarkifying_mithril.tex:1040: Missing } inserted.
<inserted text> 
                }
l.1040 Thus, from $\tau^\*$
                            we can extract an unqueried, uncorrupted BLS
I've inserted something that you may have forgotten.
(See the <inserted text> above.)
With luck, this will get me unwedged. But if you
really didn't forget anything, try typing `2' now; then
my insertion and my current dilemma will both disappear.

/Users/wuyun/Documents/Project/bridge-manuscript/2025.11/2025.11.25/snarkifying_mithril.tex:1041: Missing { inserted.
<to be read again> 
                   \discretionary 
l.1041 signature $\sigma^\*
                            = H(m^\*)^{sk^\*}$ under some public key
A left brace was mandatory here, so I've put one in.
You might want to delete and/or insert some corrections
so that I will find a matching right brace soon.
(If you're confused by all this, try typing `I}' now.)

/Users/wuyun/Documents/Project/bridge-manuscript/2025.11/2025.11.25/snarkifying_mithril.tex:1041: Missing { inserted.
<to be read again> 
                   \discretionary 
l.1041 signature $\sigma^\* = H(m^\*
                                    )^{sk^\*}$ under some public key
A left brace was mandatory here, so I've put one in.
You might want to delete and/or insert some corrections
so that I will find a matching right brace soon.
(If you're confused by all this, try typing `I}' now.)

/Users/wuyun/Documents/Project/bridge-manuscript/2025.11/2025.11.25/snarkifying_mithril.tex:1041: Missing { inserted.
<to be read again> 
                   \discretionary 
l.1041 signature $\sigma^\* = H(m^\*)^{sk^\*
                                            }$ under some public key
A left brace was mandatory here, so I've put one in.
You might want to delete and/or insert some corrections
so that I will find a matching right brace soon.
(If you're confused by all this, try typing `I}' now.)

/Users/wuyun/Documents/Project/bridge-manuscript/2025.11/2025.11.25/snarkifying_mithril.tex:1041: Missing } inserted.
<inserted text> 
                }
l.1041 signature $\sigma^\* = H(m^\*)^{sk^\*}$
                                               under some public key
I've inserted something that you may have forgotten.
(See the <inserted text> above.)
With luck, this will get me unwedged. But if you
really didn't forget anything, try typing `2' now; then
my insertion and my current dilemma will both disappear.

/Users/wuyun/Documents/Project/bridge-manuscript/2025.11/2025.11.25/snarkifying_mithril.tex:1041: Missing } inserted.
<inserted text> 
                }
l.1041 signature $\sigma^\* = H(m^\*)^{sk^\*}$
                                               under some public key
I've inserted something that you may have forgotten.
(See the <inserted text> above.)
With luck, this will get me unwedged. But if you
really didn't forget anything, try typing `2' now; then
my insertion and my current dilemma will both disappear.

/Users/wuyun/Documents/Project/bridge-manuscript/2025.11/2025.11.25/snarkifying_mithril.tex:1041: Missing } inserted.
<inserted text> 
                }
l.1041 signature $\sigma^\* = H(m^\*)^{sk^\*}$
                                               under some public key
I've inserted something that you may have forgotten.
(See the <inserted text> above.)
With luck, this will get me unwedged. But if you
really didn't forget anything, try typing `2' now; then
my insertion and my current dilemma will both disappear.

/Users/wuyun/Documents/Project/bridge-manuscript/2025.11/2025.11.25/snarkifying_mithril.tex:1042: Missing { inserted.
<to be read again> 
                   \discretionary 
l.1042 $\mathit{vk}^\*
                      =g_2^{sk^\*}$.
A left brace was mandatory here, so I've put one in.
You might want to delete and/or insert some corrections
so that I will find a matching right brace soon.
(If you're confused by all this, try typing `I}' now.)

/Users/wuyun/Documents/Project/bridge-manuscript/2025.11/2025.11.25/snarkifying_mithril.tex:1042: Missing { inserted.
<to be read again> 
                   \discretionary 
l.1042 $\mathit{vk}^\*=g_2^{sk^\*
                                 }$.
A left brace was mandatory here, so I've put one in.
You might want to delete and/or insert some corrections
so that I will find a matching right brace soon.
(If you're confused by all this, try typing `I}' now.)

/Users/wuyun/Documents/Project/bridge-manuscript/2025.11/2025.11.25/snarkifying_mithril.tex:1042: Missing } inserted.
<inserted text> 
                }
l.1042 $\mathit{vk}^\*=g_2^{sk^\*}$
                                   .
I've inserted something that you may have forgotten.
(See the <inserted text> above.)
With luck, this will get me unwedged. But if you
really didn't forget anything, try typing `2' now; then
my insertion and my current dilemma will both disappear.

/Users/wuyun/Documents/Project/bridge-manuscript/2025.11/2025.11.25/snarkifying_mithril.tex:1042: Missing } inserted.
<inserted text> 
                }
l.1042 $\mathit{vk}^\*=g_2^{sk^\*}$
                                   .
I've inserted something that you may have forgotten.
(See the <inserted text> above.)
With luck, this will get me unwedged. But if you
really didn't forget anything, try typing `2' now; then
my insertion and my current dilemma will both disappear.

/Users/wuyun/Documents/Project/bridge-manuscript/2025.11/2025.11.25/snarkifying_mithril.tex:1046: Missing { inserted.
<to be read again> 
                   \discretionary 
l.1046 ...^b)$ into the public key $\mathit{vk}^\*
                                                  $ by
A left brace was mandatory here, so I've put one in.
You might want to delete and/or insert some corrections
so that I will find a matching right brace soon.
(If you're confused by all this, try typing `I}' now.)

/Users/wuyun/Documents/Project/bridge-manuscript/2025.11/2025.11.25/snarkifying_mithril.tex:1046: Missing } inserted.
<inserted text> 
                }
l.1046 ...b)$ into the public key $\mathit{vk}^\*$
                                                   by
I've inserted something that you may have forgotten.
(See the <inserted text> above.)
With luck, this will get me unwedged. But if you
really didn't forget anything, try typing `2' now; then
my insertion and my current dilemma will both disappear.

/Users/wuyun/Documents/Project/bridge-manuscript/2025.11/2025.11.25/snarkifying_mithril.tex:1047: Missing { inserted.
<to be read again> 
                   \discretionary 
l.1047 setting $\mathit{vk}^\*
                               = g_2^b$ and answering all BLS signing,
A left brace was mandatory here, so I've put one in.
You might want to delete and/or insert some corrections
so that I will find a matching right brace soon.
(If you're confused by all this, try typing `I}' now.)

/Users/wuyun/Documents/Project/bridge-manuscript/2025.11/2025.11.25/snarkifying_mithril.tex:1047: Missing } inserted.
<inserted text> 
                }
l.1047 setting $\mathit{vk}^\* = g_2^b$
                                        and answering all BLS signing,
I've inserted something that you may have forgotten.
(See the <inserted text> above.)
With luck, this will get me unwedged. But if you
really didn't forget anything, try typing `2' now; then
my insertion and my current dilemma will both disappear.

/Users/wuyun/Documents/Project/bridge-manuscript/2025.11/2025.11.25/snarkifying_mithril.tex:1048: Undefined control sequence.
<recently read> \Eval 
                      
l.1048 ...tion queries consistently.  Since $\Eval
                                                  $ is a
The control sequence at the end of the top line
of your error message was never \def'ed. If you have
misspelled it (e.g., `\hobx'), type `I' and the correct
spelling (e.g., `I\hbox'). Otherwise just continue,
and I'll forget about whatever was undefined.

/Users/wuyun/Documents/Project/bridge-manuscript/2025.11/2025.11.25/snarkifying_mithril.tex:1057: Missing { inserted.
<to be read again> 
                   \discretionary 
l.1057   \sigma^\*
                   = H(m^\*)^{b}.
A left brace was mandatory here, so I've put one in.
You might want to delete and/or insert some corrections
so that I will find a matching right brace soon.
(If you're confused by all this, try typing `I}' now.)

/Users/wuyun/Documents/Project/bridge-manuscript/2025.11/2025.11.25/snarkifying_mithril.tex:1057: Missing { inserted.
<to be read again> 
                   \discretionary 
l.1057   \sigma^\* = H(m^\*
                           )^{b}.
A left brace was mandatory here, so I've put one in.
You might want to delete and/or insert some corrections
so that I will find a matching right brace soon.
(If you're confused by all this, try typing `I}' now.)

/Users/wuyun/Documents/Project/bridge-manuscript/2025.11/2025.11.25/snarkifying_mithril.tex:1058: Missing } inserted.
<inserted text> 
                }
l.1058 \]
         
I've inserted something that you may have forgotten.
(See the <inserted text> above.)
With luck, this will get me unwedged. But if you
really didn't forget anything, try typing `2' now; then
my insertion and my current dilemma will both disappear.

/Users/wuyun/Documents/Project/bridge-manuscript/2025.11/2025.11.25/snarkifying_mithril.tex:1058: Missing } inserted.
<inserted text> 
                }
l.1058 \]
         
I've inserted something that you may have forgotten.
(See the <inserted text> above.)
With luck, this will get me unwedged. But if you
really didn't forget anything, try typing `2' now; then
my insertion and my current dilemma will both disappear.

/Users/wuyun/Documents/Project/bridge-manuscript/2025.11/2025.11.25/snarkifying_mithril.tex:1059: Missing { inserted.
<to be read again> 
                   \discretionary 
l.1059 Since $\mathcal{B}$ programmed $H(m^\*
                                             ) = g_1^{a}$ (this happens with
A left brace was mandatory here, so I've put one in.
You might want to delete and/or insert some corrections
so that I will find a matching right brace soon.
(If you're confused by all this, try typing `I}' now.)

/Users/wuyun/Documents/Project/bridge-manuscript/2025.11/2025.11.25/snarkifying_mithril.tex:1059: Missing } inserted.
<inserted text> 
                }
l.1059 ...thcal{B}$ programmed $H(m^\*) = g_1^{a}$
                                                   (this happens with
I've inserted something that you may have forgotten.
(See the <inserted text> above.)
With luck, this will get me unwedged. But if you
really didn't forget anything, try typing `2' now; then
my insertion and my current dilemma will both disappear.

/Users/wuyun/Documents/Project/bridge-manuscript/2025.11/2025.11.25/snarkifying_mithril.tex:1063: Missing { inserted.
<to be read again> 
                   \discretionary 
l.1063   \sigma^\*
                   = (g_1^{a})^{b} = g_1^{ab},
A left brace was mandatory here, so I've put one in.
You might want to delete and/or insert some corrections
so that I will find a matching right brace soon.
(If you're confused by all this, try typing `I}' now.)

/Users/wuyun/Documents/Project/bridge-manuscript/2025.11/2025.11.25/snarkifying_mithril.tex:1064: Missing } inserted.
<inserted text> 
                }
l.1064 \]
         
I've inserted something that you may have forgotten.
(See the <inserted text> above.)
With luck, this will get me unwedged. But if you
really didn't forget anything, try typing `2' now; then
my insertion and my current dilemma will both disappear.



[15] (./snarkifying_mithril.aux)
 ***********
LaTeX2e <2024-11-01> patch level 2
L3 programming layer <2025-01-18>
 ***********


LaTeX Warning: There were undefined references.


LaTeX Warning: Label(s) may have changed. Rerun to get cross-references right.

 ) 
Here is how much of TeX's memory you used:
 13837 strings out of 473190
 277422 string characters out of 5715800
 648293 words of memory out of 5000000
 36847 multiletter control sequences out of 15000+600000
 570841 words of font info for 80 fonts, out of 8000000 for 9000
 1141 hyphenation exceptions out of 8191
 84i,12n,91p,488b,287s stack positions out of 10000i,1000n,20000p,200000b,200000s
</usr/local/texlive/2025/texmf-dist/fonts/type1/public/amsfonts/cm/cmbx10.pfb></usr/local/texlive/2025/texmf-dist/fonts/type1/public/amsfonts/cm/cmbx12.pfb></usr/local/texlive/2025/texmf-dist/fonts/type1/public/amsfonts/cm/cmex10.pfb></usr/local/texlive/2025/texmf-dist/fonts/type1/public/amsfonts/cm/cmmi10.pfb></usr/local/texlive/2025/texmf-dist/fonts/type1/public/amsfonts/cm/cmmi5.pfb></usr/local/texlive/2025/texmf-dist/fonts/type1/public/amsfonts/cm/cmmi7.pfb></usr/local/texlive/2025/texmf-dist/fonts/type1/public/amsfonts/cm/cmr10.pfb></usr/local/texlive/2025/texmf-dist/fonts/type1/public/amsfonts/cm/cmr12.pfb></usr/local/texlive/2025/texmf-dist/fonts/type1/public/amsfonts/cm/cmr17.pfb></usr/local/texlive/2025/texmf-dist/fonts/type1/public/amsfonts/cm/cmr5.pfb></usr/local/texlive/2025/texmf-dist/fonts/type1/public/amsfonts/cm/cmr7.pfb></usr/local/texlive/2025/texmf-dist/fonts/type1/public/amsfonts/cm/cmr8.pfb></usr/local/texlive/2025/texmf-dist/fonts/type1/public/amsfonts/cm/cmss10.pfb></usr/local/texlive/2025/texmf-dist/fonts/type1/public/amsfonts/cm/cmss8.pfb></usr/local/texlive/2025/texmf-dist/fonts/type1/public/amsfonts/cm/cmssbx10.pfb></usr/local/texlive/2025/texmf-dist/fonts/type1/public/amsfonts/cm/cmssi10.pfb></usr/local/texlive/2025/texmf-dist/fonts/type1/public/amsfonts/cm/cmsy10.pfb></usr/local/texlive/2025/texmf-dist/fonts/type1/public/amsfonts/cm/cmsy5.pfb></usr/local/texlive/2025/texmf-dist/fonts/type1/public/amsfonts/cm/cmsy7.pfb></usr/local/texlive/2025/texmf-dist/fonts/type1/public/amsfonts/cm/cmti10.pfb></usr/local/texlive/2025/texmf-dist/fonts/type1/public/amsfonts/symbols/msbm10.pfb></usr/local/texlive/2025/texmf-dist/fonts/type1/public/amsfonts/symbols/msbm7.pfb></usr/local/texlive/2025/texmf-dist/fonts/type1/public/cm-super/sfrm1000.pfb>
Output written on snarkifying_mithril.pdf (15 pages, 305237 bytes).
PDF statistics:
 173 PDF objects out of 1000 (max. 8388607)
 108 compressed objects within 2 object streams
 0 named destinations out of 1000 (max. 500000)
 13 words of extra memory for PDF output out of 10000 (max. 10000000)

